<?xml version="1.0" encoding="UTF-8"?>
<coverage generated="1725084588282" clover="3.2.0">
  <project timestamp="1725084588282" name="All files">
    <metrics statements="6" coveredstatements="6" conditionals="3" coveredconditionals="1" methods="1" coveredmethods="1" elements="10" coveredelements="8" complexity="0" loc="6" ncloc="6" packages="1" files="1" classes="1"/>
    <file name="select.ts" path="C:\kimson\Kim_Coding\project\new-chart\src\util\select.ts">
      <metrics statements="6" coveredstatements="6" conditionals="3" coveredconditionals="1" methods="1" coveredmethods="1"/>
      <line num="11" count="1" type="cond" truecount="1" falsecount="0"/>
      <line num="12" count="1" type="stmt"/>
      <line num="13" count="1" type="cond" truecount="0" falsecount="1"/>
      <line num="14" count="1" type="cond" truecount="0" falsecount="1"/>
      <line num="15" count="1" type="stmt"/>
      <line num="16" count="1" type="stmt"/>
    </file>
  </project>
</coverage>
