{"C:\\kimson\\Kim_Coding\\project\\new-chart\\src\\util\\select.ts": {"path":"C:\\kimson\\Kim_Coding\\project\\new-chart\\src\\util\\select.ts","all":false,"statementMap":{"10":{"start":{"line":11,"column":0},"end":{"line":11,"column":76}},"11":{"start":{"line":12,"column":0},"end":{"line":12,"column":49}},"12":{"start":{"line":13,"column":0},"end":{"line":13,"column":48}},"13":{"start":{"line":14,"column":0},"end":{"line":14,"column":61}},"14":{"start":{"line":15,"column":0},"end":{"line":15,"column":33}},"15":{"start":{"line":16,"column":0},"end":{"line":16,"column":1}}},"s":{"10":1,"11":1,"12":1,"13":1,"14":1,"15":1},"branchMap":{"0":{"type":"branch","line":11,"loc":{"start":{"line":11,"column":7},"end":{"line":16,"column":1}},"locations":[{"start":{"line":11,"column":7},"end":{"line":16,"column":1}}]},"1":{"type":"branch","line":13,"loc":{"start":{"line":13,"column":6},"end":{"line":13,"column":48}},"locations":[{"start":{"line":13,"column":6},"end":{"line":13,"column":48}}]},"2":{"type":"branch","line":14,"loc":{"start":{"line":14,"column":4},"end":{"line":14,"column":61}},"locations":[{"start":{"line":14,"column":4},"end":{"line":14,"column":61}}]}},"b":{"0":[1],"1":[0],"2":[0]},"fnMap":{"0":{"name":"select","decl":{"start":{"line":11,"column":7},"end":{"line":16,"column":1}},"loc":{"start":{"line":11,"column":7},"end":{"line":16,"column":1}},"line":11}},"f":{"0":1}}
}
